<?xml version="1.0" encoding="UTF-8"?>
<testng-results skipped="0" failed="0" total="1" passed="1">
  <reporter-output>
  </reporter-output>
  <suite name="Default suite" duration-ms="91840" started-at="2016-07-26T13:39:50Z" finished-at="2016-07-26T13:41:22Z">
    <groups>
    </groups>
    <test name="Default test" duration-ms="91840" started-at="2016-07-26T13:39:50Z" finished-at="2016-07-26T13:41:22Z">
      <class name="scripts.demo">
        <test-method status="PASS" signature="setup()[pri:0, instance:scripts.demo@19e13df]" name="setup" is-config="true" duration-ms="26297" started-at="2016-07-26T20:39:50Z" finished-at="2016-07-26T20:40:16Z">
          <reporter-output>
          </reporter-output>
        </test-method> <!-- setup -->
        <test-method status="PASS" signature="test_Home_Page_Appear_Correct()[pri:0, instance:scripts.demo@19e13df]" name="test_Home_Page_Appear_Correct" duration-ms="65400" started-at="2016-07-26T20:40:16Z" finished-at="2016-07-26T20:41:22Z">
          <reporter-output>
          </reporter-output>
        </test-method> <!-- test_Home_Page_Appear_Correct -->
      </class> <!-- scripts.demo -->
    </test> <!-- Default test -->
  </suite> <!-- Default suite -->
</testng-results>
